<?xml version="1.0" encoding="UTF-8"?>
<testng-results ignored="0" total="17" passed="16" failed="1" skipped="0">
  <reporter-output>
    <line>
      <![CDATA[Browser got Lunch Successfully]]>
    </line>
    <line>
      <![CDATA[Browser got Maximize]]>
    </line>
    <line>
      <![CDATA[Successfully Home Page Got Display]]>
    </line>
    <line>
      <![CDATA[Successfully Open ApparelAndShoesPage]]>
    </line>
    <line>
      <![CDATA[Product Successfull AddToCart]]>
    </line>
    <line>
      <![CDATA[Logged out Successfully]]>
    </line>
    <line>
      <![CDATA[Browser successfully Closed]]>
    </line>
    <line>
      <![CDATA[Browser got Lunch Successfully]]>
    </line>
    <line>
      <![CDATA[Browser got Maximize]]>
    </line>
    <line>
      <![CDATA[Successfully Home Page Got Display]]>
    </line>
    <line>
      <![CDATA[Successful open CellPhone Page]]>
    </line>
    <line>
      <![CDATA[Successfully Add to Cart]]>
    </line>
    <line>
      <![CDATA[Logged out Successfully]]>
    </line>
    <line>
      <![CDATA[Browser successfully Closed]]>
    </line>
    <line>
      <![CDATA[Browser got Lunch Successfully]]>
    </line>
    <line>
      <![CDATA[Browser got Maximize]]>
    </line>
    <line>
      <![CDATA[Successfully Home Page Got Display]]>
    </line>
    <line>
      <![CDATA[CameraPage Open]]>
    </line>
    <line>
      <![CDATA[Successfull Add to compare list]]>
    </line>
    <line>
      <![CDATA[Logged out Successfully]]>
    </line>
    <line>
      <![CDATA[Browser successfully Closed]]>
    </line>
    <line>
      <![CDATA[Browser got Lunch Successfully]]>
    </line>
    <line>
      <![CDATA[Browser got Maximize]]>
    </line>
    <line>
      <![CDATA[Successfully Home Page Got Display]]>
    </line>
    <line>
      <![CDATA[successfully]]>
    </line>
    <line>
      <![CDATA[Logged out Successfully]]>
    </line>
    <line>
      <![CDATA[Browser successfully Closed]]>
    </line>
    <line>
      <![CDATA[Browser got Lunch Successfully]]>
    </line>
    <line>
      <![CDATA[Browser got Maximize]]>
    </line>
    <line>
      <![CDATA[Successfully Home Page Got Display]]>
    </line>
    <line>
      <![CDATA[Successfully Tricentis Page Opened]]>
    </line>
    <line>
      <![CDATA[Logged out Successfully]]>
    </line>
    <line>
      <![CDATA[Browser successfully Closed]]>
    </line>
    <line>
      <![CDATA[Browser got Lunch Successfully]]>
    </line>
    <line>
      <![CDATA[Browser got Maximize]]>
    </line>
    <line>
      <![CDATA[Successfully Home Page Got Display]]>
    </line>
    <line>
      <![CDATA[Logged out Successfully]]>
    </line>
    <line>
      <![CDATA[Browser successfully Closed]]>
    </line>
    <line>
      <![CDATA[Browser got Lunch Successfully]]>
    </line>
    <line>
      <![CDATA[Browser got Maximize]]>
    </line>
    <line>
      <![CDATA[Successfully Home Page Got Display]]>
    </line>
    <line>
      <![CDATA[Successfully Search The Product]]>
    </line>
    <line>
      <![CDATA[Logged out Successfully]]>
    </line>
    <line>
      <![CDATA[Browser successfully Closed]]>
    </line>
    <line>
      <![CDATA[Browser got Lunch Successfully]]>
    </line>
    <line>
      <![CDATA[Browser got Maximize]]>
    </line>
    <line>
      <![CDATA[Successfully Home Page Got Display]]>
    </line>
    <line>
      <![CDATA[Logged out Successfully]]>
    </line>
    <line>
      <![CDATA[Browser successfully Closed]]>
    </line>
    <line>
      <![CDATA[Browser got Lunch Successfully]]>
    </line>
    <line>
      <![CDATA[Browser got Maximize]]>
    </line>
    <line>
      <![CDATA[Successfully Home Page Got Display]]>
    </line>
    <line>
      <![CDATA[Fail Pass The Data In Search TextField]]>
    </line>
    <line>
      <![CDATA[Logged out Successfully]]>
    </line>
    <line>
      <![CDATA[Browser successfully Closed]]>
    </line>
    <line>
      <![CDATA[Browser got Lunch Successfully]]>
    </line>
    <line>
      <![CDATA[Browser got Maximize]]>
    </line>
    <line>
      <![CDATA[Successfully Home Page Got Display]]>
    </line>
    <line>
      <![CDATA[Logged out Successfully]]>
    </line>
    <line>
      <![CDATA[Browser successfully Closed]]>
    </line>
    <line>
      <![CDATA[Browser got Lunch Successfully]]>
    </line>
    <line>
      <![CDATA[Browser got Maximize]]>
    </line>
    <line>
      <![CDATA[Successfully Home Page Got Display]]>
    </line>
    <line>
      <![CDATA[Successfully Display Wishlist Page]]>
    </line>
    <line>
      <![CDATA[Logged out Successfully]]>
    </line>
    <line>
      <![CDATA[Browser successfully Closed]]>
    </line>
    <line>
      <![CDATA[Browser got Lunch Successfully]]>
    </line>
    <line>
      <![CDATA[Browser got Maximize]]>
    </line>
    <line>
      <![CDATA[Successfully Home Page Got Display]]>
    </line>
    <line>
      <![CDATA[Logged out Successfully]]>
    </line>
    <line>
      <![CDATA[Browser successfully Closed]]>
    </line>
    <line>
      <![CDATA[Browser got Lunch Successfully]]>
    </line>
    <line>
      <![CDATA[Browser got Maximize]]>
    </line>
    <line>
      <![CDATA[Successfully Home Page Got Display]]>
    </line>
    <line>
      <![CDATA[Successfully Display Shoping Page]]>
    </line>
    <line>
      <![CDATA[Logged out Successfully]]>
    </line>
    <line>
      <![CDATA[Browser successfully Closed]]>
    </line>
    <line>
      <![CDATA[Browser got Lunch Successfully]]>
    </line>
    <line>
      <![CDATA[Browser got Maximize]]>
    </line>
    <line>
      <![CDATA[Successfully Home Page Got Display]]>
    </line>
    <line>
      <![CDATA[Logged out Successfully]]>
    </line>
    <line>
      <![CDATA[Browser got Lunch Successfully]]>
    </line>
    <line>
      <![CDATA[Browser got Maximize]]>
    </line>
    <line>
      <![CDATA[Successfully Home Page Got Display]]>
    </line>
    <line>
      <![CDATA[Successsfuly Open GiftPage]]>
    </line>
    <line>
      <![CDATA[Product Successfully AddToCart]]>
    </line>
    <line>
      <![CDATA[Logged out Successfully]]>
    </line>
    <line>
      <![CDATA[Browser successfully Closed]]>
    </line>
    <line>
      <![CDATA[Browser got Lunch Successfully]]>
    </line>
    <line>
      <![CDATA[Browser got Maximize]]>
    </line>
    <line>
      <![CDATA[Successfully Home Page Got Display]]>
    </line>
    <line>
      <![CDATA[Successfilly Open JewelryPage]]>
    </line>
    <line>
      <![CDATA[Product Successfully AddToCart]]>
    </line>
    <line>
      <![CDATA[Logged out Successfully]]>
    </line>
    <line>
      <![CDATA[Browser successfully Closed]]>
    </line>
    <line>
      <![CDATA[Browser got Lunch Successfully]]>
    </line>
    <line>
      <![CDATA[Browser got Maximize]]>
    </line>
    <line>
      <![CDATA[Successfully Home Page Got Display]]>
    </line>
    <line>
      <![CDATA[Successfully open DigitalPage]]>
    </line>
    <line>
      <![CDATA[Product Successfully AddToCart]]>
    </line>
    <line>
      <![CDATA[Logged out Successfully]]>
    </line>
    <line>
      <![CDATA[Browser successfully Closed]]>
    </line>
  </reporter-output>
  <suite started-at="2024-08-20T10:25:20 IST" name="Suite" finished-at="2024-08-20T10:30:36 IST" duration-ms="315795">
    <groups>
    </groups>
    <test started-at="2024-08-20T10:25:20 IST" name="Test" finished-at="2024-08-20T10:30:36 IST" duration-ms="315795">
      <class name="POM.TC_DWS_011">
        <test-method is-config="true" signature="tolunch(java.lang.String)[pri:0, instance:POM.TC_DWS_011@7fa98a66]" started-at="2024-08-20T10:29:43 IST" name="tolunch" finished-at="2024-08-20T10:29:47 IST" duration-ms="3427" status="PASS">
          <params>
            <param index="0">
              <value>
                <![CDATA[chrome]]>
              </value>
            </param>
          </params>
          <reporter-output>
            <line>
              <![CDATA[Browser got Lunch Successfully]]>
            </line>
            <line>
              <![CDATA[Browser got Maximize]]>
            </line>
          </reporter-output>
        </test-method> <!-- tolunch -->
        <test-method is-config="true" signature="toLogin()[pri:0, instance:POM.TC_DWS_011@7fa98a66]" started-at="2024-08-20T10:29:47 IST" name="toLogin" finished-at="2024-08-20T10:29:56 IST" duration-ms="8996" status="PASS">
          <reporter-output>
            <line>
              <![CDATA[Successfully Home Page Got Display]]>
            </line>
          </reporter-output>
        </test-method> <!-- toLogin -->
        <test-method signature="toJewelryPage()[pri:0, instance:POM.TC_DWS_011@7fa98a66]" started-at="2024-08-20T10:29:56 IST" name="toJewelryPage" finished-at="2024-08-20T10:30:06 IST" duration-ms="9895" status="PASS">
          <reporter-output>
            <line>
              <![CDATA[Successfilly Open JewelryPage]]>
            </line>
            <line>
              <![CDATA[Product Successfully AddToCart]]>
            </line>
          </reporter-output>
        </test-method> <!-- toJewelryPage -->
        <test-method is-config="true" signature="tologout()[pri:0, instance:POM.TC_DWS_011@7fa98a66]" started-at="2024-08-20T10:30:06 IST" name="tologout" finished-at="2024-08-20T10:30:07 IST" duration-ms="931" status="PASS">
          <reporter-output>
            <line>
              <![CDATA[Logged out Successfully]]>
            </line>
          </reporter-output>
        </test-method> <!-- tologout -->
        <test-method is-config="true" signature="toclose()[pri:0, instance:POM.TC_DWS_011@7fa98a66]" started-at="2024-08-20T10:30:07 IST" name="toclose" finished-at="2024-08-20T10:30:07 IST" duration-ms="629" status="PASS">
          <reporter-output>
            <line>
              <![CDATA[Browser successfully Closed]]>
            </line>
          </reporter-output>
        </test-method> <!-- toclose -->
      </class> <!-- POM.TC_DWS_011 -->
      <class name="POM.TC_DWS_010">
        <test-method is-config="true" signature="tolunch(java.lang.String)[pri:0, instance:POM.TC_DWS_010@15ff3e9e]" started-at="2024-08-20T10:30:07 IST" name="tolunch" finished-at="2024-08-20T10:30:17 IST" duration-ms="9402" status="PASS">
          <params>
            <param index="0">
              <value>
                <![CDATA[chrome]]>
              </value>
            </param>
          </params>
          <reporter-output>
            <line>
              <![CDATA[Browser got Lunch Successfully]]>
            </line>
            <line>
              <![CDATA[Browser got Maximize]]>
            </line>
          </reporter-output>
        </test-method> <!-- tolunch -->
        <test-method is-config="true" signature="toLogin()[pri:0, instance:POM.TC_DWS_010@15ff3e9e]" started-at="2024-08-20T10:30:17 IST" name="toLogin" finished-at="2024-08-20T10:30:31 IST" duration-ms="14782" status="PASS">
          <reporter-output>
            <line>
              <![CDATA[Successfully Home Page Got Display]]>
            </line>
          </reporter-output>
        </test-method> <!-- toLogin -->
        <test-method signature="toDigitalPage()[pri:0, instance:POM.TC_DWS_010@15ff3e9e]" started-at="2024-08-20T10:30:31 IST" name="toDigitalPage" finished-at="2024-08-20T10:30:35 IST" duration-ms="3242" status="PASS">
          <reporter-output>
            <line>
              <![CDATA[Successfully open DigitalPage]]>
            </line>
            <line>
              <![CDATA[Product Successfully AddToCart]]>
            </line>
          </reporter-output>
        </test-method> <!-- toDigitalPage -->
        <test-method is-config="true" signature="tologout()[pri:0, instance:POM.TC_DWS_010@15ff3e9e]" started-at="2024-08-20T10:30:35 IST" name="tologout" finished-at="2024-08-20T10:30:35 IST" duration-ms="927" status="PASS">
          <reporter-output>
            <line>
              <![CDATA[Logged out Successfully]]>
            </line>
          </reporter-output>
        </test-method> <!-- tologout -->
        <test-method is-config="true" signature="toclose()[pri:0, instance:POM.TC_DWS_010@15ff3e9e]" started-at="2024-08-20T10:30:35 IST" name="toclose" finished-at="2024-08-20T10:30:36 IST" duration-ms="371" status="PASS">
          <reporter-output>
            <line>
              <![CDATA[Browser successfully Closed]]>
            </line>
          </reporter-output>
        </test-method> <!-- toclose -->
      </class> <!-- POM.TC_DWS_010 -->
      <class name="POM.TC_DWS_013">
        <test-method is-config="true" signature="tolunch(java.lang.String)[pri:0, instance:POM.TC_DWS_013@6c80d78a]" started-at="2024-08-20T10:28:43 IST" name="tolunch" finished-at="2024-08-20T10:28:44 IST" duration-ms="1445" status="PASS">
          <params>
            <param index="0">
              <value>
                <![CDATA[chrome]]>
              </value>
            </param>
          </params>
          <reporter-output>
            <line>
              <![CDATA[Browser got Lunch Successfully]]>
            </line>
            <line>
              <![CDATA[Browser got Maximize]]>
            </line>
          </reporter-output>
        </test-method> <!-- tolunch -->
        <test-method is-config="true" signature="toLogin()[pri:0, instance:POM.TC_DWS_013@6c80d78a]" started-at="2024-08-20T10:28:44 IST" name="toLogin" finished-at="2024-08-20T10:28:52 IST" duration-ms="7721" status="PASS">
          <reporter-output>
            <line>
              <![CDATA[Successfully Home Page Got Display]]>
            </line>
          </reporter-output>
        </test-method> <!-- toLogin -->
        <test-method signature="toShoppingcart()[pri:0, instance:POM.TC_DWS_013@6c80d78a]" started-at="2024-08-20T10:28:52 IST" name="toShoppingcart" finished-at="2024-08-20T10:28:53 IST" duration-ms="1077" status="PASS">
          <reporter-output>
            <line>
              <![CDATA[Successfully Display Shoping Page]]>
            </line>
          </reporter-output>
        </test-method> <!-- toShoppingcart -->
        <test-method is-config="true" signature="tologout()[pri:0, instance:POM.TC_DWS_013@6c80d78a]" started-at="2024-08-20T10:28:53 IST" name="tologout" finished-at="2024-08-20T10:28:54 IST" duration-ms="1179" status="PASS">
          <reporter-output>
            <line>
              <![CDATA[Logged out Successfully]]>
            </line>
          </reporter-output>
        </test-method> <!-- tologout -->
        <test-method is-config="true" signature="toclose()[pri:0, instance:POM.TC_DWS_013@6c80d78a]" started-at="2024-08-20T10:28:54 IST" name="toclose" finished-at="2024-08-20T10:28:54 IST" duration-ms="328" status="PASS">
          <reporter-output>
            <line>
              <![CDATA[Browser successfully Closed]]>
            </line>
          </reporter-output>
        </test-method> <!-- toclose -->
      </class> <!-- POM.TC_DWS_013 -->
      <class name="POM.TC_DWS_002">
        <test-method is-config="true" signature="tolunch(java.lang.String)[pri:0, instance:POM.TC_DWS_002@52e6fdee]" started-at="2024-08-20T10:28:28 IST" name="tolunch" finished-at="2024-08-20T10:28:30 IST" duration-ms="1572" status="PASS">
          <params>
            <param index="0">
              <value>
                <![CDATA[chrome]]>
              </value>
            </param>
          </params>
          <reporter-output>
            <line>
              <![CDATA[Browser got Lunch Successfully]]>
            </line>
            <line>
              <![CDATA[Browser got Maximize]]>
            </line>
          </reporter-output>
        </test-method> <!-- tolunch -->
        <test-method is-config="true" signature="toLogin()[pri:0, instance:POM.TC_DWS_002@52e6fdee]" started-at="2024-08-20T10:28:30 IST" name="toLogin" finished-at="2024-08-20T10:28:39 IST" duration-ms="9540" status="PASS">
          <reporter-output>
            <line>
              <![CDATA[Successfully Home Page Got Display]]>
            </line>
          </reporter-output>
        </test-method> <!-- toLogin -->
        <test-method signature="toLoginButton()[pri:0, instance:POM.TC_DWS_002@52e6fdee]" started-at="2024-08-20T10:28:39 IST" name="toLoginButton" finished-at="2024-08-20T10:28:41 IST" duration-ms="2395" status="PASS">
          <reporter-output>
          </reporter-output>
        </test-method> <!-- toLoginButton -->
        <test-method is-config="true" signature="tologout()[pri:0, instance:POM.TC_DWS_002@52e6fdee]" started-at="2024-08-20T10:28:41 IST" name="tologout" finished-at="2024-08-20T10:28:42 IST" duration-ms="795" status="PASS">
          <reporter-output>
            <line>
              <![CDATA[Logged out Successfully]]>
            </line>
          </reporter-output>
        </test-method> <!-- tologout -->
        <test-method is-config="true" signature="toclose()[pri:0, instance:POM.TC_DWS_002@52e6fdee]" started-at="2024-08-20T10:28:42 IST" name="toclose" finished-at="2024-08-20T10:28:43 IST" duration-ms="349" status="PASS">
          <reporter-output>
            <line>
              <![CDATA[Browser successfully Closed]]>
            </line>
          </reporter-output>
        </test-method> <!-- toclose -->
      </class> <!-- POM.TC_DWS_002 -->
      <class name="POM.TC_DWS_001">
        <test-method is-config="true" signature="tolunch(java.lang.String)[pri:0, instance:POM.TC_DWS_001@62150f9e]" started-at="2024-08-20T10:28:54 IST" name="tolunch" finished-at="2024-08-20T10:28:56 IST" duration-ms="1813" status="PASS">
          <params>
            <param index="0">
              <value>
                <![CDATA[chrome]]>
              </value>
            </param>
          </params>
          <reporter-output>
            <line>
              <![CDATA[Browser got Lunch Successfully]]>
            </line>
            <line>
              <![CDATA[Browser got Maximize]]>
            </line>
          </reporter-output>
        </test-method> <!-- tolunch -->
        <test-method is-config="true" signature="toLogin()[pri:0, instance:POM.TC_DWS_001@62150f9e]" started-at="2024-08-20T10:28:56 IST" name="toLogin" finished-at="2024-08-20T10:29:05 IST" duration-ms="9141" status="PASS">
          <reporter-output>
            <line>
              <![CDATA[Successfully Home Page Got Display]]>
            </line>
          </reporter-output>
        </test-method> <!-- toLogin -->
        <test-method signature="toRegisterLink()[pri:0, instance:POM.TC_DWS_001@62150f9e]" started-at="2024-08-20T10:29:05 IST" name="toRegisterLink" finished-at="2024-08-20T10:29:08 IST" duration-ms="2939" status="PASS">
          <reporter-output>
          </reporter-output>
        </test-method> <!-- toRegisterLink -->
        <test-method is-config="true" signature="tologout()[pri:0, instance:POM.TC_DWS_001@62150f9e]" started-at="2024-08-20T10:29:08 IST" name="tologout" finished-at="2024-08-20T10:29:23 IST" duration-ms="15056" status="FAIL">
          <exception class="org.openqa.selenium.NoSuchElementException">
            <message>
              <![CDATA[no such element: Unable to locate element: {"method":"link text","selector":"Log out"}
  (Session info: chrome=127.0.6533.120)
For documentation on this error, please visit: https://www.selenium.dev/documentation/webdriver/troubleshooting/errors#no-such-element-exception
Build info: version: '4.12.1', revision: '8e34639b11'
System info: os.name: 'Windows 10', os.arch: 'amd64', os.version: '10.0', java.version: '17.0.9'
Driver info: org.openqa.selenium.chrome.ChromeDriver
Command: [e5f610cb60d78f7a63955547181fbee7, findElement {using=link text, value=Log out}]
Capabilities {acceptInsecureCerts: false, browserName: chrome, browserVersion: 127.0.6533.120, chrome: {chromedriverVersion: 127.0.6533.119 (bdef6783a05..., userDataDir: C:\Users\Karan\AppData\Loca...}, fedcm:accounts: true, goog:chromeOptions: {debuggerAddress: localhost:51852}, networkConnectionEnabled: false, pageLoadStrategy: normal, platformName: windows, proxy: Proxy(), se:cdp: ws://localhost:51852/devtoo..., se:cdpVersion: 127.0.6533.120, setWindowRect: true, strictFileInteractability: false, timeouts: {implicit: 0, pageLoad: 300000, script: 30000}, unhandledPromptBehavior: dismiss and notify, webauthn:extension:credBlob: true, webauthn:extension:largeBlob: true, webauthn:extension:minPinLength: true, webauthn:extension:prf: true, webauthn:virtualAuthenticators: true}
Session ID: e5f610cb60d78f7a63955547181fbee7]]>
            </message>
            <full-stacktrace>
              <![CDATA[org.openqa.selenium.NoSuchElementException: no such element: Unable to locate element: {"method":"link text","selector":"Log out"}
  (Session info: chrome=127.0.6533.120)
For documentation on this error, please visit: https://www.selenium.dev/documentation/webdriver/troubleshooting/errors#no-such-element-exception
Build info: version: '4.12.1', revision: '8e34639b11'
System info: os.name: 'Windows 10', os.arch: 'amd64', os.version: '10.0', java.version: '17.0.9'
Driver info: org.openqa.selenium.chrome.ChromeDriver
Command: [e5f610cb60d78f7a63955547181fbee7, findElement {using=link text, value=Log out}]
Capabilities {acceptInsecureCerts: false, browserName: chrome, browserVersion: 127.0.6533.120, chrome: {chromedriverVersion: 127.0.6533.119 (bdef6783a05..., userDataDir: C:\Users\Karan\AppData\Loca...}, fedcm:accounts: true, goog:chromeOptions: {debuggerAddress: localhost:51852}, networkConnectionEnabled: false, pageLoadStrategy: normal, platformName: windows, proxy: Proxy(), se:cdp: ws://localhost:51852/devtoo..., se:cdpVersion: 127.0.6533.120, setWindowRect: true, strictFileInteractability: false, timeouts: {implicit: 0, pageLoad: 300000, script: 30000}, unhandledPromptBehavior: dismiss and notify, webauthn:extension:credBlob: true, webauthn:extension:largeBlob: true, webauthn:extension:minPinLength: true, webauthn:extension:prf: true, webauthn:virtualAuthenticators: true}
Session ID: e5f610cb60d78f7a63955547181fbee7
at java.base/jdk.internal.reflect.NativeConstructorAccessorImpl.newInstance0(Native Method)
at java.base/jdk.internal.reflect.NativeConstructorAccessorImpl.newInstance(NativeConstructorAccessorImpl.java:77)
at java.base/jdk.internal.reflect.DelegatingConstructorAccessorImpl.newInstance(DelegatingConstructorAccessorImpl.java:45)
at java.base/java.lang.reflect.Constructor.newInstanceWithCaller(Constructor.java:499)
at java.base/java.lang.reflect.Constructor.newInstance(Constructor.java:480)
at org.openqa.selenium.remote.codec.w3c.W3CHttpResponseCodec.createException(W3CHttpResponseCodec.java:200)
at org.openqa.selenium.remote.codec.w3c.W3CHttpResponseCodec.decode(W3CHttpResponseCodec.java:133)
at org.openqa.selenium.remote.codec.w3c.W3CHttpResponseCodec.decode(W3CHttpResponseCodec.java:52)
at org.openqa.selenium.remote.HttpCommandExecutor.execute(HttpCommandExecutor.java:191)
at org.openqa.selenium.remote.service.DriverCommandExecutor.invokeExecute(DriverCommandExecutor.java:196)
at org.openqa.selenium.remote.service.DriverCommandExecutor.execute(DriverCommandExecutor.java:171)
at org.openqa.selenium.remote.RemoteWebDriver.execute(RemoteWebDriver.java:602)
at org.openqa.selenium.remote.ElementLocation$ElementFinder$2.findElement(ElementLocation.java:165)
at org.openqa.selenium.remote.ElementLocation.findElement(ElementLocation.java:59)
at org.openqa.selenium.remote.RemoteWebDriver.findElement(RemoteWebDriver.java:359)
at org.openqa.selenium.remote.RemoteWebDriver.findElement(RemoteWebDriver.java:353)
at POM.BaseClass.tologout(BaseClass.java:59)
at java.base/jdk.internal.reflect.NativeMethodAccessorImpl.invoke0(Native Method)
at java.base/jdk.internal.reflect.NativeMethodAccessorImpl.invoke(NativeMethodAccessorImpl.java:77)
at java.base/jdk.internal.reflect.DelegatingMethodAccessorImpl.invoke(DelegatingMethodAccessorImpl.java:43)
at java.base/java.lang.reflect.Method.invoke(Method.java:568)
at org.testng.internal.MethodInvocationHelper.invokeMethod(MethodInvocationHelper.java:133)
at org.testng.internal.MethodInvocationHelper.invokeMethodConsideringTimeout(MethodInvocationHelper.java:62)
at org.testng.internal.ConfigInvoker.invokeConfigurationMethod(ConfigInvoker.java:385)
at org.testng.internal.ConfigInvoker.invokeConfigurations(ConfigInvoker.java:321)
at org.testng.internal.TestInvoker.runConfigMethods(TestInvoker.java:700)
at org.testng.internal.TestInvoker.runAfterGroupsConfigurations(TestInvoker.java:676)
at org.testng.internal.TestInvoker.invokeMethod(TestInvoker.java:660)
at org.testng.internal.TestInvoker.invokeTestMethod(TestInvoker.java:173)
at org.testng.internal.MethodRunner.runInSequence(MethodRunner.java:46)
at org.testng.internal.TestInvoker$MethodInvocationAgent.invoke(TestInvoker.java:824)
at org.testng.internal.TestInvoker.invokeTestMethods(TestInvoker.java:146)
at org.testng.internal.TestMethodWorker.invokeTestMethods(TestMethodWorker.java:146)
at org.testng.internal.TestMethodWorker.run(TestMethodWorker.java:128)
at java.base/java.util.ArrayList.forEach(ArrayList.java:1511)
at org.testng.TestRunner.privateRun(TestRunner.java:794)
at org.testng.TestRunner.run(TestRunner.java:596)
at org.testng.SuiteRunner.runTest(SuiteRunner.java:377)
at org.testng.SuiteRunner.runSequentially(SuiteRunner.java:371)
at org.testng.SuiteRunner.privateRun(SuiteRunner.java:332)
at org.testng.SuiteRunner.run(SuiteRunner.java:276)
at org.testng.SuiteRunnerWorker.runSuite(SuiteRunnerWorker.java:53)
at org.testng.SuiteRunnerWorker.run(SuiteRunnerWorker.java:96)
at org.testng.TestNG.runSuitesSequentially(TestNG.java:1212)
at org.testng.TestNG.runSuitesLocally(TestNG.java:1134)
at org.testng.TestNG.runSuites(TestNG.java:1063)
at org.testng.TestNG.run(TestNG.java:1031)
at org.testng.remote.AbstractRemoteTestNG.run(AbstractRemoteTestNG.java:115)
at org.testng.remote.RemoteTestNG.initAndRun(RemoteTestNG.java:251)
at org.testng.remote.RemoteTestNG.main(RemoteTestNG.java:77)
]]>
            </full-stacktrace>
          </exception> <!-- org.openqa.selenium.NoSuchElementException -->
          <reporter-output>
            <line>
              <![CDATA[Logged out Successfully]]>
            </line>
          </reporter-output>
        </test-method> <!-- tologout -->
        <test-method is-config="true" signature="toclose()[pri:0, instance:POM.TC_DWS_001@62150f9e]" started-at="2024-08-20T10:29:23 IST" name="toclose" finished-at="1970-01-01T05:30:00 IST" duration-ms="-1724129963805" status="SKIP">
          <reporter-output>
          </reporter-output>
        </test-method> <!-- toclose -->
      </class> <!-- POM.TC_DWS_001 -->
      <class name="POM.TC_DWS_012">
        <test-method is-config="true" signature="tolunch(java.lang.String)[pri:0, instance:POM.TC_DWS_012@1a451d4d]" started-at="2024-08-20T10:29:23 IST" name="tolunch" finished-at="2024-08-20T10:29:25 IST" duration-ms="1533" status="PASS">
          <params>
            <param index="0">
              <value>
                <![CDATA[chrome]]>
              </value>
            </param>
          </params>
          <reporter-output>
            <line>
              <![CDATA[Browser got Lunch Successfully]]>
            </line>
            <line>
              <![CDATA[Browser got Maximize]]>
            </line>
          </reporter-output>
        </test-method> <!-- tolunch -->
        <test-method is-config="true" signature="toLogin()[pri:0, instance:POM.TC_DWS_012@1a451d4d]" started-at="2024-08-20T10:29:25 IST" name="toLogin" finished-at="2024-08-20T10:29:37 IST" duration-ms="12137" status="PASS">
          <reporter-output>
            <line>
              <![CDATA[Successfully Home Page Got Display]]>
            </line>
          </reporter-output>
        </test-method> <!-- toLogin -->
        <test-method signature="toGiftCard()[pri:0, instance:POM.TC_DWS_012@1a451d4d]" started-at="2024-08-20T10:29:37 IST" name="toGiftCard" finished-at="2024-08-20T10:29:39 IST" duration-ms="2379" status="PASS">
          <reporter-output>
            <line>
              <![CDATA[Successsfuly Open GiftPage]]>
            </line>
            <line>
              <![CDATA[Product Successfully AddToCart]]>
            </line>
          </reporter-output>
        </test-method> <!-- toGiftCard -->
        <test-method is-config="true" signature="tologout()[pri:0, instance:POM.TC_DWS_012@1a451d4d]" started-at="2024-08-20T10:29:39 IST" name="tologout" finished-at="2024-08-20T10:29:43 IST" duration-ms="3143" status="PASS">
          <reporter-output>
            <line>
              <![CDATA[Logged out Successfully]]>
            </line>
          </reporter-output>
        </test-method> <!-- tologout -->
        <test-method is-config="true" signature="toclose()[pri:0, instance:POM.TC_DWS_012@1a451d4d]" started-at="2024-08-20T10:29:43 IST" name="toclose" finished-at="2024-08-20T10:29:43 IST" duration-ms="744" status="PASS">
          <reporter-output>
            <line>
              <![CDATA[Browser successfully Closed]]>
            </line>
          </reporter-output>
        </test-method> <!-- toclose -->
      </class> <!-- POM.TC_DWS_012 -->
      <class name="POM.TC_DWS_015">
        <test-method is-config="true" signature="tolunch(java.lang.String)[pri:0, instance:POM.TC_DWS_015@4d9e68d0]" started-at="2024-08-20T10:27:46 IST" name="tolunch" finished-at="2024-08-20T10:27:47 IST" duration-ms="1616" status="PASS">
          <params>
            <param index="0">
              <value>
                <![CDATA[chrome]]>
              </value>
            </param>
          </params>
          <reporter-output>
            <line>
              <![CDATA[Browser got Lunch Successfully]]>
            </line>
            <line>
              <![CDATA[Browser got Maximize]]>
            </line>
          </reporter-output>
        </test-method> <!-- tolunch -->
        <test-method is-config="true" signature="toLogin()[pri:0, instance:POM.TC_DWS_015@4d9e68d0]" started-at="2024-08-20T10:27:47 IST" name="toLogin" finished-at="2024-08-20T10:27:55 IST" duration-ms="7971" status="PASS">
          <reporter-output>
            <line>
              <![CDATA[Successfully Home Page Got Display]]>
            </line>
          </reporter-output>
        </test-method> <!-- toLogin -->
        <test-method signature="toSearchBer()[pri:0, instance:POM.TC_DWS_015@4d9e68d0]" started-at="2024-08-20T10:27:55 IST" name="toSearchBer" finished-at="2024-08-20T10:27:55 IST" duration-ms="165" status="PASS">
          <reporter-output>
            <line>
              <![CDATA[Fail Pass The Data In Search TextField]]>
            </line>
          </reporter-output>
        </test-method> <!-- toSearchBer -->
        <test-method is-config="true" signature="tologout()[pri:0, instance:POM.TC_DWS_015@4d9e68d0]" started-at="2024-08-20T10:27:55 IST" name="tologout" finished-at="2024-08-20T10:27:56 IST" duration-ms="841" status="PASS">
          <reporter-output>
            <line>
              <![CDATA[Logged out Successfully]]>
            </line>
          </reporter-output>
        </test-method> <!-- tologout -->
        <test-method is-config="true" signature="toclose()[pri:0, instance:POM.TC_DWS_015@4d9e68d0]" started-at="2024-08-20T10:27:56 IST" name="toclose" finished-at="2024-08-20T10:27:57 IST" duration-ms="387" status="PASS">
          <reporter-output>
            <line>
              <![CDATA[Browser successfully Closed]]>
            </line>
          </reporter-output>
        </test-method> <!-- toclose -->
      </class> <!-- POM.TC_DWS_015 -->
      <class name="POM.TC_DWS_004">
        <test-method is-config="true" signature="tolunch(java.lang.String)[pri:0, instance:POM.TC_DWS_004@1d9b7cce]" started-at="2024-08-20T10:27:25 IST" name="tolunch" finished-at="2024-08-20T10:27:26 IST" duration-ms="1466" status="PASS">
          <params>
            <param index="0">
              <value>
                <![CDATA[chrome]]>
              </value>
            </param>
          </params>
          <reporter-output>
            <line>
              <![CDATA[Browser got Lunch Successfully]]>
            </line>
            <line>
              <![CDATA[Browser got Maximize]]>
            </line>
          </reporter-output>
        </test-method> <!-- tolunch -->
        <test-method is-config="true" signature="toLogin()[pri:0, instance:POM.TC_DWS_004@1d9b7cce]" started-at="2024-08-20T10:27:26 IST" name="toLogin" finished-at="2024-08-20T10:27:34 IST" duration-ms="8431" status="PASS">
          <reporter-output>
            <line>
              <![CDATA[Successfully Home Page Got Display]]>
            </line>
          </reporter-output>
        </test-method> <!-- toLogin -->
        <test-method signature="toDisplayPage()[pri:0, instance:POM.TC_DWS_004@1d9b7cce]" started-at="2024-08-20T10:27:34 IST" name="toDisplayPage" finished-at="2024-08-20T10:27:43 IST" duration-ms="8364" status="PASS">
          <reporter-output>
          </reporter-output>
        </test-method> <!-- toDisplayPage -->
        <test-method is-config="true" signature="tologout()[pri:0, instance:POM.TC_DWS_004@1d9b7cce]" started-at="2024-08-20T10:27:43 IST" name="tologout" finished-at="2024-08-20T10:27:45 IST" duration-ms="2368" status="PASS">
          <reporter-output>
            <line>
              <![CDATA[Logged out Successfully]]>
            </line>
          </reporter-output>
        </test-method> <!-- tologout -->
        <test-method is-config="true" signature="toclose()[pri:0, instance:POM.TC_DWS_004@1d9b7cce]" started-at="2024-08-20T10:27:45 IST" name="toclose" finished-at="2024-08-20T10:27:46 IST" duration-ms="444" status="PASS">
          <reporter-output>
            <line>
              <![CDATA[Browser successfully Closed]]>
            </line>
          </reporter-output>
        </test-method> <!-- toclose -->
      </class> <!-- POM.TC_DWS_004 -->
      <class name="POM.TC_DWS_003">
        <test-method is-config="true" signature="tolunch(java.lang.String)[pri:0, instance:POM.TC_DWS_003@42e99e4a]" started-at="2024-08-20T10:27:57 IST" name="tolunch" finished-at="2024-08-20T10:27:58 IST" duration-ms="1457" status="PASS">
          <params>
            <param index="0">
              <value>
                <![CDATA[chrome]]>
              </value>
            </param>
          </params>
          <reporter-output>
            <line>
              <![CDATA[Browser got Lunch Successfully]]>
            </line>
            <line>
              <![CDATA[Browser got Maximize]]>
            </line>
          </reporter-output>
        </test-method> <!-- tolunch -->
        <test-method is-config="true" signature="toLogin()[pri:0, instance:POM.TC_DWS_003@42e99e4a]" started-at="2024-08-20T10:27:58 IST" name="toLogin" finished-at="2024-08-20T10:28:06 IST" duration-ms="7664" status="PASS">
          <reporter-output>
            <line>
              <![CDATA[Successfully Home Page Got Display]]>
            </line>
          </reporter-output>
        </test-method> <!-- toLogin -->
        <test-method signature="toBookPage()[pri:0, instance:POM.TC_DWS_003@42e99e4a]" started-at="2024-08-20T10:28:06 IST" name="toBookPage" finished-at="2024-08-20T10:28:13 IST" duration-ms="7714" status="PASS">
          <reporter-output>
          </reporter-output>
        </test-method> <!-- toBookPage -->
        <test-method is-config="true" signature="tologout()[pri:0, instance:POM.TC_DWS_003@42e99e4a]" started-at="2024-08-20T10:28:13 IST" name="tologout" finished-at="2024-08-20T10:28:14 IST" duration-ms="863" status="PASS">
          <reporter-output>
            <line>
              <![CDATA[Logged out Successfully]]>
            </line>
          </reporter-output>
        </test-method> <!-- tologout -->
        <test-method is-config="true" signature="toclose()[pri:0, instance:POM.TC_DWS_003@42e99e4a]" started-at="2024-08-20T10:28:14 IST" name="toclose" finished-at="2024-08-20T10:28:15 IST" duration-ms="435" status="PASS">
          <reporter-output>
            <line>
              <![CDATA[Browser successfully Closed]]>
            </line>
          </reporter-output>
        </test-method> <!-- toclose -->
      </class> <!-- POM.TC_DWS_003 -->
      <class name="POM.TC_DWS_014">
        <test-method is-config="true" signature="tolunch(java.lang.String)[pri:0, instance:POM.TC_DWS_014@14dd9eb7]" started-at="2024-08-20T10:28:15 IST" name="tolunch" finished-at="2024-08-20T10:28:17 IST" duration-ms="2747" status="PASS">
          <params>
            <param index="0">
              <value>
                <![CDATA[chrome]]>
              </value>
            </param>
          </params>
          <reporter-output>
            <line>
              <![CDATA[Browser got Lunch Successfully]]>
            </line>
            <line>
              <![CDATA[Browser got Maximize]]>
            </line>
          </reporter-output>
        </test-method> <!-- tolunch -->
        <test-method is-config="true" signature="toLogin()[pri:0, instance:POM.TC_DWS_014@14dd9eb7]" started-at="2024-08-20T10:28:17 IST" name="toLogin" finished-at="2024-08-20T10:28:26 IST" duration-ms="8472" status="PASS">
          <reporter-output>
            <line>
              <![CDATA[Successfully Home Page Got Display]]>
            </line>
          </reporter-output>
        </test-method> <!-- toLogin -->
        <test-method signature="toWishlist()[pri:0, instance:POM.TC_DWS_014@14dd9eb7]" started-at="2024-08-20T10:28:26 IST" name="toWishlist" finished-at="2024-08-20T10:28:27 IST" duration-ms="842" status="PASS">
          <reporter-output>
            <line>
              <![CDATA[Successfully Display Wishlist Page]]>
            </line>
          </reporter-output>
        </test-method> <!-- toWishlist -->
        <test-method is-config="true" signature="tologout()[pri:0, instance:POM.TC_DWS_014@14dd9eb7]" started-at="2024-08-20T10:28:27 IST" name="tologout" finished-at="2024-08-20T10:28:28 IST" duration-ms="800" status="PASS">
          <reporter-output>
            <line>
              <![CDATA[Logged out Successfully]]>
            </line>
          </reporter-output>
        </test-method> <!-- tologout -->
        <test-method is-config="true" signature="toclose()[pri:0, instance:POM.TC_DWS_014@14dd9eb7]" started-at="2024-08-20T10:28:28 IST" name="toclose" finished-at="2024-08-20T10:28:28 IST" duration-ms="339" status="PASS">
          <reporter-output>
            <line>
              <![CDATA[Browser successfully Closed]]>
            </line>
          </reporter-output>
        </test-method> <!-- toclose -->
      </class> <!-- POM.TC_DWS_014 -->
      <class name="POM.TC_DWS_017">
        <test-method is-config="true" signature="tolunch(java.lang.String)[pri:0, instance:POM.TC_DWS_017@dbf57b3]" started-at="2024-08-20T10:26:42 IST" name="tolunch" finished-at="2024-08-20T10:26:44 IST" duration-ms="2136" status="PASS">
          <params>
            <param index="0">
              <value>
                <![CDATA[chrome]]>
              </value>
            </param>
          </params>
          <reporter-output>
            <line>
              <![CDATA[Browser got Lunch Successfully]]>
            </line>
            <line>
              <![CDATA[Browser got Maximize]]>
            </line>
          </reporter-output>
        </test-method> <!-- tolunch -->
        <test-method is-config="true" signature="toLogin()[pri:0, instance:POM.TC_DWS_017@dbf57b3]" started-at="2024-08-20T10:26:44 IST" name="toLogin" finished-at="2024-08-20T10:26:53 IST" duration-ms="8333" status="PASS">
          <reporter-output>
            <line>
              <![CDATA[Successfully Home Page Got Display]]>
            </line>
          </reporter-output>
        </test-method> <!-- toLogin -->
        <test-method signature="toTricentis()[pri:0, instance:POM.TC_DWS_017@dbf57b3]" started-at="2024-08-20T10:26:53 IST" name="toTricentis" finished-at="2024-08-20T10:26:53 IST" duration-ms="688" status="PASS">
          <reporter-output>
            <line>
              <![CDATA[Successfully Tricentis Page Opened]]>
            </line>
          </reporter-output>
        </test-method> <!-- toTricentis -->
        <test-method is-config="true" signature="tologout()[pri:0, instance:POM.TC_DWS_017@dbf57b3]" started-at="2024-08-20T10:26:53 IST" name="tologout" finished-at="2024-08-20T10:26:54 IST" duration-ms="881" status="PASS">
          <reporter-output>
            <line>
              <![CDATA[Logged out Successfully]]>
            </line>
          </reporter-output>
        </test-method> <!-- tologout -->
        <test-method is-config="true" signature="toclose()[pri:0, instance:POM.TC_DWS_017@dbf57b3]" started-at="2024-08-20T10:26:54 IST" name="toclose" finished-at="2024-08-20T10:26:54 IST" duration-ms="319" status="PASS">
          <reporter-output>
            <line>
              <![CDATA[Browser successfully Closed]]>
            </line>
          </reporter-output>
        </test-method> <!-- toclose -->
      </class> <!-- POM.TC_DWS_017 -->
      <class name="POM.TC_DWS_006">
        <test-method is-config="true" signature="tolunch(java.lang.String)[pri:0, instance:POM.TC_DWS_006@123ef382]" started-at="2024-08-20T10:26:11 IST" name="tolunch" finished-at="2024-08-20T10:26:13 IST" duration-ms="1698" status="PASS">
          <params>
            <param index="0">
              <value>
                <![CDATA[chrome]]>
              </value>
            </param>
          </params>
          <reporter-output>
            <line>
              <![CDATA[Browser got Lunch Successfully]]>
            </line>
            <line>
              <![CDATA[Browser got Maximize]]>
            </line>
          </reporter-output>
        </test-method> <!-- tolunch -->
        <test-method is-config="true" signature="toLogin()[pri:0, instance:POM.TC_DWS_006@123ef382]" started-at="2024-08-20T10:26:13 IST" name="toLogin" finished-at="2024-08-20T10:26:21 IST" duration-ms="7799" status="PASS">
          <reporter-output>
            <line>
              <![CDATA[Successfully Home Page Got Display]]>
            </line>
          </reporter-output>
        </test-method> <!-- toLogin -->
        <test-method signature="toAccessoriesPage()[pri:0, instance:POM.TC_DWS_006@123ef382]" started-at="2024-08-20T10:26:21 IST" name="toAccessoriesPage" finished-at="2024-08-20T10:26:40 IST" duration-ms="18984" status="FAIL">
          <exception class="org.openqa.selenium.ElementNotInteractableException">
            <message>
              <![CDATA[element not interactable
  (Session info: chrome=127.0.6533.120)
Build info: version: '4.12.1', revision: '8e34639b11'
System info: os.name: 'Windows 10', os.arch: 'amd64', os.version: '10.0', java.version: '17.0.9'
Driver info: org.openqa.selenium.chrome.ChromeDriver
Command: [26d2697676f14d054ac8eabd7df8e7bd, clickElement {id=f.EA8191FA8C47A9FCBB3A2B0C43A6EDBC.d.9F49C0210A0244242F02C386B7DFBBA7.e.252}]
Capabilities {acceptInsecureCerts: false, browserName: chrome, browserVersion: 127.0.6533.120, chrome: {chromedriverVersion: 127.0.6533.119 (bdef6783a05..., userDataDir: C:\Users\Karan\AppData\Loca...}, fedcm:accounts: true, goog:chromeOptions: {debuggerAddress: localhost:51517}, networkConnectionEnabled: false, pageLoadStrategy: normal, platformName: windows, proxy: Proxy(), se:cdp: ws://localhost:51517/devtoo..., se:cdpVersion: 127.0.6533.120, setWindowRect: true, strictFileInteractability: false, timeouts: {implicit: 0, pageLoad: 300000, script: 30000}, unhandledPromptBehavior: dismiss and notify, webauthn:extension:credBlob: true, webauthn:extension:largeBlob: true, webauthn:extension:minPinLength: true, webauthn:extension:prf: true, webauthn:virtualAuthenticators: true}
Element: [[ChromeDriver: chrome on windows (26d2697676f14d054ac8eabd7df8e7bd)] -> xpath: (//span[text()='100.00'])[1]]
Session ID: 26d2697676f14d054ac8eabd7df8e7bd]]>
            </message>
            <full-stacktrace>
              <![CDATA[org.openqa.selenium.ElementNotInteractableException: element not interactable
  (Session info: chrome=127.0.6533.120)
Build info: version: '4.12.1', revision: '8e34639b11'
System info: os.name: 'Windows 10', os.arch: 'amd64', os.version: '10.0', java.version: '17.0.9'
Driver info: org.openqa.selenium.chrome.ChromeDriver
Command: [26d2697676f14d054ac8eabd7df8e7bd, clickElement {id=f.EA8191FA8C47A9FCBB3A2B0C43A6EDBC.d.9F49C0210A0244242F02C386B7DFBBA7.e.252}]
Capabilities {acceptInsecureCerts: false, browserName: chrome, browserVersion: 127.0.6533.120, chrome: {chromedriverVersion: 127.0.6533.119 (bdef6783a05..., userDataDir: C:\Users\Karan\AppData\Loca...}, fedcm:accounts: true, goog:chromeOptions: {debuggerAddress: localhost:51517}, networkConnectionEnabled: false, pageLoadStrategy: normal, platformName: windows, proxy: Proxy(), se:cdp: ws://localhost:51517/devtoo..., se:cdpVersion: 127.0.6533.120, setWindowRect: true, strictFileInteractability: false, timeouts: {implicit: 0, pageLoad: 300000, script: 30000}, unhandledPromptBehavior: dismiss and notify, webauthn:extension:credBlob: true, webauthn:extension:largeBlob: true, webauthn:extension:minPinLength: true, webauthn:extension:prf: true, webauthn:virtualAuthenticators: true}
Element: [[ChromeDriver: chrome on windows (26d2697676f14d054ac8eabd7df8e7bd)] -> xpath: (//span[text()='100.00'])[1]]
Session ID: 26d2697676f14d054ac8eabd7df8e7bd
at java.base/jdk.internal.reflect.NativeConstructorAccessorImpl.newInstance0(Native Method)
at java.base/jdk.internal.reflect.NativeConstructorAccessorImpl.newInstance(NativeConstructorAccessorImpl.java:77)
at java.base/jdk.internal.reflect.DelegatingConstructorAccessorImpl.newInstance(DelegatingConstructorAccessorImpl.java:45)
at java.base/java.lang.reflect.Constructor.newInstanceWithCaller(Constructor.java:499)
at java.base/java.lang.reflect.Constructor.newInstance(Constructor.java:480)
at org.openqa.selenium.remote.codec.w3c.W3CHttpResponseCodec.createException(W3CHttpResponseCodec.java:200)
at org.openqa.selenium.remote.codec.w3c.W3CHttpResponseCodec.decode(W3CHttpResponseCodec.java:133)
at org.openqa.selenium.remote.codec.w3c.W3CHttpResponseCodec.decode(W3CHttpResponseCodec.java:52)
at org.openqa.selenium.remote.HttpCommandExecutor.execute(HttpCommandExecutor.java:191)
at org.openqa.selenium.remote.service.DriverCommandExecutor.invokeExecute(DriverCommandExecutor.java:196)
at org.openqa.selenium.remote.service.DriverCommandExecutor.execute(DriverCommandExecutor.java:171)
at org.openqa.selenium.remote.RemoteWebDriver.execute(RemoteWebDriver.java:602)
at org.openqa.selenium.remote.RemoteWebElement.execute(RemoteWebElement.java:224)
at org.openqa.selenium.remote.RemoteWebElement.click(RemoteWebElement.java:77)
at java.base/jdk.internal.reflect.NativeMethodAccessorImpl.invoke0(Native Method)
at java.base/jdk.internal.reflect.NativeMethodAccessorImpl.invoke(NativeMethodAccessorImpl.java:77)
at java.base/jdk.internal.reflect.DelegatingMethodAccessorImpl.invoke(DelegatingMethodAccessorImpl.java:43)
at java.base/java.lang.reflect.Method.invoke(Method.java:568)
at org.openqa.selenium.support.pagefactory.internal.LocatingElementHandler.invoke(LocatingElementHandler.java:51)
at jdk.proxy2/jdk.proxy2.$Proxy19.click(Unknown Source)
at POM.TC_DWS_006.toAccessoriesPage(TC_DWS_006.java:42)
at java.base/jdk.internal.reflect.NativeMethodAccessorImpl.invoke0(Native Method)
at java.base/jdk.internal.reflect.NativeMethodAccessorImpl.invoke(NativeMethodAccessorImpl.java:77)
at java.base/jdk.internal.reflect.DelegatingMethodAccessorImpl.invoke(DelegatingMethodAccessorImpl.java:43)
at java.base/java.lang.reflect.Method.invoke(Method.java:568)
at org.testng.internal.MethodInvocationHelper.invokeMethod(MethodInvocationHelper.java:133)
at org.testng.internal.TestInvoker.invokeMethod(TestInvoker.java:598)
at org.testng.internal.TestInvoker.invokeTestMethod(TestInvoker.java:173)
at org.testng.internal.MethodRunner.runInSequence(MethodRunner.java:46)
at org.testng.internal.TestInvoker$MethodInvocationAgent.invoke(TestInvoker.java:824)
at org.testng.internal.TestInvoker.invokeTestMethods(TestInvoker.java:146)
at org.testng.internal.TestMethodWorker.invokeTestMethods(TestMethodWorker.java:146)
at org.testng.internal.TestMethodWorker.run(TestMethodWorker.java:128)
at java.base/java.util.ArrayList.forEach(ArrayList.java:1511)
at org.testng.TestRunner.privateRun(TestRunner.java:794)
at org.testng.TestRunner.run(TestRunner.java:596)
at org.testng.SuiteRunner.runTest(SuiteRunner.java:377)
at org.testng.SuiteRunner.runSequentially(SuiteRunner.java:371)
at org.testng.SuiteRunner.privateRun(SuiteRunner.java:332)
at org.testng.SuiteRunner.run(SuiteRunner.java:276)
at org.testng.SuiteRunnerWorker.runSuite(SuiteRunnerWorker.java:53)
at org.testng.SuiteRunnerWorker.run(SuiteRunnerWorker.java:96)
at org.testng.TestNG.runSuitesSequentially(TestNG.java:1212)
at org.testng.TestNG.runSuitesLocally(TestNG.java:1134)
at org.testng.TestNG.runSuites(TestNG.java:1063)
at org.testng.TestNG.run(TestNG.java:1031)
at org.testng.remote.AbstractRemoteTestNG.run(AbstractRemoteTestNG.java:115)
at org.testng.remote.RemoteTestNG.initAndRun(RemoteTestNG.java:251)
at org.testng.remote.RemoteTestNG.main(RemoteTestNG.java:77)
]]>
            </full-stacktrace>
          </exception> <!-- org.openqa.selenium.ElementNotInteractableException -->
          <reporter-output>
            <line>
              <![CDATA[successfully]]>
            </line>
          </reporter-output>
        </test-method> <!-- toAccessoriesPage -->
        <test-method is-config="true" signature="tologout()[pri:0, instance:POM.TC_DWS_006@123ef382]" started-at="2024-08-20T10:26:40 IST" name="tologout" finished-at="2024-08-20T10:26:42 IST" duration-ms="1950" status="PASS">
          <reporter-output>
            <line>
              <![CDATA[Logged out Successfully]]>
            </line>
          </reporter-output>
        </test-method> <!-- tologout -->
        <test-method is-config="true" signature="toclose()[pri:0, instance:POM.TC_DWS_006@123ef382]" started-at="2024-08-20T10:26:42 IST" name="toclose" finished-at="2024-08-20T10:26:42 IST" duration-ms="526" status="PASS">
          <reporter-output>
            <line>
              <![CDATA[Browser successfully Closed]]>
            </line>
          </reporter-output>
        </test-method> <!-- toclose -->
      </class> <!-- POM.TC_DWS_006 -->
      <class name="POM.TC_DWS_016">
        <test-method is-config="true" signature="tolunch(java.lang.String)[pri:0, instance:POM.TC_DWS_016@61862a7f]" started-at="2024-08-20T10:27:12 IST" name="tolunch" finished-at="2024-08-20T10:27:14 IST" duration-ms="2192" status="PASS">
          <params>
            <param index="0">
              <value>
                <![CDATA[chrome]]>
              </value>
            </param>
          </params>
          <reporter-output>
            <line>
              <![CDATA[Browser got Lunch Successfully]]>
            </line>
            <line>
              <![CDATA[Browser got Maximize]]>
            </line>
          </reporter-output>
        </test-method> <!-- tolunch -->
        <test-method is-config="true" signature="toLogin()[pri:0, instance:POM.TC_DWS_016@61862a7f]" started-at="2024-08-20T10:27:14 IST" name="toLogin" finished-at="2024-08-20T10:27:22 IST" duration-ms="7899" status="PASS">
          <reporter-output>
            <line>
              <![CDATA[Successfully Home Page Got Display]]>
            </line>
          </reporter-output>
        </test-method> <!-- toLogin -->
        <test-method signature="toSearchButton()[pri:0, instance:POM.TC_DWS_016@61862a7f]" started-at="2024-08-20T10:27:22 IST" name="toSearchButton" finished-at="2024-08-20T10:27:23 IST" duration-ms="1193" status="PASS">
          <reporter-output>
            <line>
              <![CDATA[Successfully Search The Product]]>
            </line>
          </reporter-output>
        </test-method> <!-- toSearchButton -->
        <test-method is-config="true" signature="tologout()[pri:0, instance:POM.TC_DWS_016@61862a7f]" started-at="2024-08-20T10:27:23 IST" name="tologout" finished-at="2024-08-20T10:27:24 IST" duration-ms="845" status="PASS">
          <reporter-output>
            <line>
              <![CDATA[Logged out Successfully]]>
            </line>
          </reporter-output>
        </test-method> <!-- tologout -->
        <test-method is-config="true" signature="toclose()[pri:0, instance:POM.TC_DWS_016@61862a7f]" started-at="2024-08-20T10:27:24 IST" name="toclose" finished-at="2024-08-20T10:27:25 IST" duration-ms="455" status="PASS">
          <reporter-output>
            <line>
              <![CDATA[Browser successfully Closed]]>
            </line>
          </reporter-output>
        </test-method> <!-- toclose -->
      </class> <!-- POM.TC_DWS_016 -->
      <class name="POM.TC_DWS_005">
        <test-method is-config="true" signature="tolunch(java.lang.String)[pri:0, instance:POM.TC_DWS_005@384ad17b]" started-at="2024-08-20T10:26:54 IST" name="tolunch" finished-at="2024-08-20T10:26:56 IST" duration-ms="1534" status="PASS">
          <params>
            <param index="0">
              <value>
                <![CDATA[chrome]]>
              </value>
            </param>
          </params>
          <reporter-output>
            <line>
              <![CDATA[Browser got Lunch Successfully]]>
            </line>
            <line>
              <![CDATA[Browser got Maximize]]>
            </line>
          </reporter-output>
        </test-method> <!-- tolunch -->
        <test-method is-config="true" signature="toLogin()[pri:0, instance:POM.TC_DWS_005@384ad17b]" started-at="2024-08-20T10:26:56 IST" name="toLogin" finished-at="2024-08-20T10:27:04 IST" duration-ms="7794" status="PASS">
          <reporter-output>
            <line>
              <![CDATA[Successfully Home Page Got Display]]>
            </line>
          </reporter-output>
        </test-method> <!-- toLogin -->
        <test-method signature="toNoteBookPage()[pri:0, instance:POM.TC_DWS_005@384ad17b]" started-at="2024-08-20T10:27:04 IST" name="toNoteBookPage" finished-at="2024-08-20T10:27:10 IST" duration-ms="6683" status="PASS">
          <reporter-output>
          </reporter-output>
        </test-method> <!-- toNoteBookPage -->
        <test-method is-config="true" signature="tologout()[pri:0, instance:POM.TC_DWS_005@384ad17b]" started-at="2024-08-20T10:27:10 IST" name="tologout" finished-at="2024-08-20T10:27:12 IST" duration-ms="1139" status="PASS">
          <reporter-output>
            <line>
              <![CDATA[Logged out Successfully]]>
            </line>
          </reporter-output>
        </test-method> <!-- tologout -->
        <test-method is-config="true" signature="toclose()[pri:0, instance:POM.TC_DWS_005@384ad17b]" started-at="2024-08-20T10:27:12 IST" name="toclose" finished-at="2024-08-20T10:27:12 IST" duration-ms="322" status="PASS">
          <reporter-output>
            <line>
              <![CDATA[Browser successfully Closed]]>
            </line>
          </reporter-output>
        </test-method> <!-- toclose -->
      </class> <!-- POM.TC_DWS_005 -->
      <class name="POM.TC_DWS_008">
        <test-method is-config="true" signature="tolunch(java.lang.String)[pri:0, instance:POM.TC_DWS_008@59fd97a8]" started-at="2024-08-20T10:25:37 IST" name="tolunch" finished-at="2024-08-20T10:25:38 IST" duration-ms="1656" status="PASS">
          <params>
            <param index="0">
              <value>
                <![CDATA[chrome]]>
              </value>
            </param>
          </params>
          <reporter-output>
            <line>
              <![CDATA[Browser got Lunch Successfully]]>
            </line>
            <line>
              <![CDATA[Browser got Maximize]]>
            </line>
          </reporter-output>
        </test-method> <!-- tolunch -->
        <test-method is-config="true" signature="toLogin()[pri:0, instance:POM.TC_DWS_008@59fd97a8]" started-at="2024-08-20T10:25:38 IST" name="toLogin" finished-at="2024-08-20T10:25:46 IST" duration-ms="7650" status="PASS">
          <reporter-output>
            <line>
              <![CDATA[Successfully Home Page Got Display]]>
            </line>
          </reporter-output>
        </test-method> <!-- toLogin -->
        <test-method signature="toCellPhonePage()[pri:0, instance:POM.TC_DWS_008@59fd97a8]" started-at="2024-08-20T10:25:46 IST" name="toCellPhonePage" finished-at="2024-08-20T10:25:49 IST" duration-ms="3584" status="PASS">
          <reporter-output>
            <line>
              <![CDATA[Successful open CellPhone Page]]>
            </line>
            <line>
              <![CDATA[Successfully Add to Cart]]>
            </line>
          </reporter-output>
        </test-method> <!-- toCellPhonePage -->
        <test-method is-config="true" signature="tologout()[pri:0, instance:POM.TC_DWS_008@59fd97a8]" started-at="2024-08-20T10:25:49 IST" name="tologout" finished-at="2024-08-20T10:25:50 IST" duration-ms="822" status="PASS">
          <reporter-output>
            <line>
              <![CDATA[Logged out Successfully]]>
            </line>
          </reporter-output>
        </test-method> <!-- tologout -->
        <test-method is-config="true" signature="toclose()[pri:0, instance:POM.TC_DWS_008@59fd97a8]" started-at="2024-08-20T10:25:50 IST" name="toclose" finished-at="2024-08-20T10:25:51 IST" duration-ms="316" status="PASS">
          <reporter-output>
            <line>
              <![CDATA[Browser successfully Closed]]>
            </line>
          </reporter-output>
        </test-method> <!-- toclose -->
      </class> <!-- POM.TC_DWS_008 -->
      <class name="POM.TC_DWS_007">
        <test-method is-config="true" signature="tolunch(java.lang.String)[pri:0, instance:POM.TC_DWS_007@f5ac9e4]" started-at="2024-08-20T10:25:51 IST" name="tolunch" finished-at="2024-08-20T10:25:53 IST" duration-ms="1972" status="PASS">
          <params>
            <param index="0">
              <value>
                <![CDATA[chrome]]>
              </value>
            </param>
          </params>
          <reporter-output>
            <line>
              <![CDATA[Browser got Lunch Successfully]]>
            </line>
            <line>
              <![CDATA[Browser got Maximize]]>
            </line>
          </reporter-output>
        </test-method> <!-- tolunch -->
        <test-method is-config="true" signature="toLogin()[pri:0, instance:POM.TC_DWS_007@f5ac9e4]" started-at="2024-08-20T10:25:53 IST" name="toLogin" finished-at="2024-08-20T10:26:01 IST" duration-ms="8641" status="PASS">
          <reporter-output>
            <line>
              <![CDATA[Successfully Home Page Got Display]]>
            </line>
          </reporter-output>
        </test-method> <!-- toLogin -->
        <test-method signature="tocamerapage()[pri:0, instance:POM.TC_DWS_007@f5ac9e4]" started-at="2024-08-20T10:26:01 IST" name="tocamerapage" finished-at="2024-08-20T10:26:10 IST" duration-ms="8619" status="PASS">
          <reporter-output>
            <line>
              <![CDATA[CameraPage Open]]>
            </line>
            <line>
              <![CDATA[Successfull Add to compare list]]>
            </line>
          </reporter-output>
        </test-method> <!-- tocamerapage -->
        <test-method is-config="true" signature="tologout()[pri:0, instance:POM.TC_DWS_007@f5ac9e4]" started-at="2024-08-20T10:26:10 IST" name="tologout" finished-at="2024-08-20T10:26:11 IST" duration-ms="952" status="PASS">
          <reporter-output>
            <line>
              <![CDATA[Logged out Successfully]]>
            </line>
          </reporter-output>
        </test-method> <!-- tologout -->
        <test-method is-config="true" signature="toclose()[pri:0, instance:POM.TC_DWS_007@f5ac9e4]" started-at="2024-08-20T10:26:11 IST" name="toclose" finished-at="2024-08-20T10:26:11 IST" duration-ms="355" status="PASS">
          <reporter-output>
            <line>
              <![CDATA[Browser successfully Closed]]>
            </line>
          </reporter-output>
        </test-method> <!-- toclose -->
      </class> <!-- POM.TC_DWS_007 -->
      <class name="POM.TC_DWS_009">
        <test-method is-config="true" signature="tolunch(java.lang.String)[pri:0, instance:POM.TC_DWS_009@1ab3a8c8]" started-at="2024-08-20T10:25:20 IST" name="tolunch" finished-at="2024-08-20T10:25:24 IST" duration-ms="4081" status="PASS">
          <params>
            <param index="0">
              <value>
                <![CDATA[chrome]]>
              </value>
            </param>
          </params>
          <reporter-output>
            <line>
              <![CDATA[Browser got Lunch Successfully]]>
            </line>
            <line>
              <![CDATA[Browser got Maximize]]>
            </line>
          </reporter-output>
        </test-method> <!-- tolunch -->
        <test-method is-config="true" signature="toLogin()[pri:0, instance:POM.TC_DWS_009@1ab3a8c8]" started-at="2024-08-20T10:25:24 IST" name="toLogin" finished-at="2024-08-20T10:25:32 IST" duration-ms="7925" status="PASS">
          <reporter-output>
            <line>
              <![CDATA[Successfully Home Page Got Display]]>
            </line>
          </reporter-output>
        </test-method> <!-- toLogin -->
        <test-method signature="toApparelAndShoes()[pri:0, instance:POM.TC_DWS_009@1ab3a8c8]" started-at="2024-08-20T10:25:32 IST" name="toApparelAndShoes" finished-at="2024-08-20T10:25:35 IST" duration-ms="3194" status="PASS">
          <reporter-output>
            <line>
              <![CDATA[Successfully Open ApparelAndShoesPage]]>
            </line>
            <line>
              <![CDATA[Product Successfull AddToCart]]>
            </line>
          </reporter-output>
        </test-method> <!-- toApparelAndShoes -->
        <test-method is-config="true" signature="tologout()[pri:0, instance:POM.TC_DWS_009@1ab3a8c8]" started-at="2024-08-20T10:25:35 IST" name="tologout" finished-at="2024-08-20T10:25:36 IST" duration-ms="832" status="PASS">
          <reporter-output>
            <line>
              <![CDATA[Logged out Successfully]]>
            </line>
          </reporter-output>
        </test-method> <!-- tologout -->
        <test-method is-config="true" signature="toclose()[pri:0, instance:POM.TC_DWS_009@1ab3a8c8]" started-at="2024-08-20T10:25:36 IST" name="toclose" finished-at="2024-08-20T10:25:37 IST" duration-ms="379" status="PASS">
          <reporter-output>
            <line>
              <![CDATA[Browser successfully Closed]]>
            </line>
          </reporter-output>
        </test-method> <!-- toclose -->
      </class> <!-- POM.TC_DWS_009 -->
    </test> <!-- Test -->
  </suite> <!-- Suite -->
</testng-results>
