<?xml version="1.0" encoding="UTF-8"?>
<!-- Generated by org.testng.reporters.JUnitXMLReporter -->
<testsuite ignored="0" hostname="DESKTOP-L5TSS0V" failures="0" tests="15" name="Test" time="332.424" errors="0" timestamp="2024-06-27T22:11:52 IST">
  <testcase classname="AdvanceSelenium.DWS_TC_009" name="toPrivacyNoticePage" time="2.11"/>
  <testcase classname="AdvanceSelenium.DWS_TC_004" name="toCheckApparel_ShoesPage" time="2.715"/>
  <testcase classname="AdvanceSelenium.DWS_TC_015" name="toLogo" time="0.381"/>
  <testcase classname="AdvanceSelenium.DWS_TC_003" name="toCheckElectronicsPage" time="1.727"/>
  <testcase classname="AdvanceSelenium.DWS_TC_014" name="toOrderPage" time="0.689"/>
  <testcase classname="AdvanceSelenium.DWS_TC_002" name="toCheckComputerPage" time="1.603"/>
  <testcase classname="AdvanceSelenium.DWS_TC_013" name="toAddProduct" time="1.914"/>
  <testcase classname="AdvanceSelenium.DWS_TC_001" name="toCheckBooksPage" time="1.506"/>
  <testcase classname="AdvanceSelenium.DWS_TC_012" name="toScarchTextField" time="0.075"/>
  <testcase classname="AdvanceSelenium.DWS_TC_008" name="toMyAccountPage" time="1.268"/>
  <testcase classname="AdvanceSelenium.DWS_TC_007" name="toCheckWishlistPage" time="0.931"/>
  <testcase classname="AdvanceSelenium.DWS_TC_006" name="toCheckShoppingcartPage" time="2.453"/>
  <testcase classname="AdvanceSelenium.DWS_TC_005" name="toCheckTricentissPage" time="0.71"/>
  <testcase classname="AdvanceSelenium.DWS_TC_011" name="toNewproductsPage" time="0.86"/>
  <testcase classname="AdvanceSelenium.DWS_TC_010" name="toNewsPage" time="1.274"/>
</testsuite> <!-- Test -->
